<?xml version="1.0" encoding="UTF-8"?>
<!-- Generated by org.testng.reporters.JUnitXMLReporter -->
<testsuite hostname="Aarons-MacBook-Pro.local" ignored="2" name="Test" tests="2" failures="1" timestamp="2020-06-05T19:11:41 PDT" time="6.857" errors="0">
  <testcase name="emptyUsernameLogin" time="0.44" classname="com.hrms.testcases.LoginTest"/>
  <testcase name="invalidPasswordLogin" time="1.126" classname="com.hrms.testcases.LoginTest">
    <failure type="java.lang.AssertionError" message="Error message text is not matched expected [Invalid credential] but found [Invalid credentials]">
      <![CDATA[java.lang.AssertionError: Error message text is not matched expected [Invalid credential] but found [Invalid credentials]
at com.hrms.testcases.LoginTest.invalidPasswordLogin(LoginTest.java:33)
at java.util.ArrayList.forEach(ArrayList.java:1257)
... Removed 31 stack frames]]>
    </failure>
  </testcase> <!-- invalidPasswordLogin -->
  <testcase name="validAdminLogin" time="0.0" classname="com.hrms.testcases.LoginTest">
    <ignored/>
  </testcase> <!-- validAdminLogin -->
  <testcase name="addEmployeePage" time="0.0" classname="com.hrms.testcases.AddEmployeeTest">
    <ignored/>
  </testcase> <!-- addEmployeePage -->
</testsuite> <!-- Test -->
