<?xml version="1.0" encoding="UTF-8"?>
<!-- Generated by org.testng.reporters.JUnitXMLReporter -->
<testsuite hostname="Aarons-MacBook-Pro.local" ignored="3" name="Smoke Test" tests="1" failures="0" timestamp="2020-06-05T19:27:16 PDT" time="5.79" errors="0">
  <testcase name="validAdminLogin" time="2.274" classname="com.hrms.testcases.LoginTest"/>
  <testcase name="invalidPasswordLogin" time="0.0" classname="com.hrms.testcases.LoginTest">
    <ignored/>
  </testcase> <!-- invalidPasswordLogin -->
  <testcase name="emptyUsernameLogin" time="0.0" classname="com.hrms.testcases.LoginTest">
    <ignored/>
  </testcase> <!-- emptyUsernameLogin -->
  <testcase name="addEmployeePage" time="0.0" classname="com.hrms.testcases.AddEmployeeTest">
    <ignored/>
  </testcase> <!-- addEmployeePage -->
</testsuite> <!-- Smoke Test -->
